"Top Vs. Bottom(1).got"
"Top Vs. Bottom(2).got"
"Top Vs. Bottom(3).got"
"Top Vs. Bottom(4).got"
"Top Vs. Bottom(5).got"
"Top Vs. Bottom(6).got"
"Top Vs. Bottom(7).got"
"Melee(1).got"
"Free For All(1).got"
"One on One(1).got"
"Use Map Settings(1).got"
"Capture The Flag(1).got"
"Greed(1).got"
"Greed(2).got"
"Greed(3).got"
"Greed(4).got"
"Slaughter(1).got"
"Slaughter(2).got"
"Slaughter(3).got"
"Slaughter(4).got"
"Sudden Death(1).got"
"Team Melee(1).got"
"Team Melee(2).got"
"Team Melee(3).got"
"Team Free For All(1).got"
"Team Free For All(2).got"
"Team Free For All(3).got"
"Team Capture The Flag(1).got"
"Team Capture The Flag(2).got"
"Team Capture The Flag(3).got"
